<?xml version="1.0" encoding="UTF-8"?>
<!-- Generated by org.testng.reporters.JUnitXMLReporter -->
<testsuite ignored="1" hostname="LAPTOP-D9T7C3CD" failures="0" tests="3" name="Default test" time="0.081" errors="0" timestamp="2022-08-06T14:33:34 IST">
  <testcase classname="naveenlabTestng.YahooMailTest" name="sentItemsMailTest" time="0.007"/>
  <testcase classname="naveenlabTestng.YahooMailTest" name="compositeMailTest" time="0.003"/>
  <testcase classname="naveenlabTestng.YahooMailTest" name="searchMailTest" time="0.001"/>
  <testcase classname="naveenlabTestng.YahooMailTest" name="deleteMailTest" time="0.0">
    <ignored/>
  </testcase> <!-- deleteMailTest -->
</testsuite> <!-- Default test -->
