<?xml version="1.0" encoding="UTF-8"?>
<testng-results ignored="1" total="4" passed="3" failed="0" skipped="0">
  <reporter-output>
  </reporter-output>
  <suite started-at="2022-08-06T14:33:34 IST" name="Default suite" finished-at="2022-08-06T14:33:34 IST" duration-ms="81">
    <groups>
    </groups>
    <test started-at="2022-08-06T14:33:34 IST" name="Default test" finished-at="2022-08-06T14:33:34 IST" duration-ms="81">
      <class name="naveenlabTestng.YahooMailTest">
        <test-method is-config="true" signature="launchBrowser()[pri:0, instance:naveenlabTestng.YahooMailTest@4a003cbe]" started-at="2022-08-06T14:33:34 IST" name="launchBrowser" finished-at="2022-08-06T14:33:34 IST" duration-ms="10" status="PASS">
          <reporter-output>
          </reporter-output>
        </test-method> <!-- launchBrowser -->
        <test-method is-config="true" signature="login()[pri:0, instance:naveenlabTestng.YahooMailTest@4a003cbe]" started-at="2022-08-06T14:33:34 IST" name="login" finished-at="2022-08-06T14:33:34 IST" duration-ms="0" status="PASS">
          <reporter-output>
          </reporter-output>
        </test-method> <!-- login -->
        <test-method signature="sentItemsMailTest()[pri:0, instance:naveenlabTestng.YahooMailTest@4a003cbe]" started-at="2022-08-06T14:33:34 IST" name="sentItemsMailTest" finished-at="2022-08-06T14:33:34 IST" duration-ms="7" status="PASS">
          <reporter-output>
          </reporter-output>
        </test-method> <!-- sentItemsMailTest -->
        <test-method is-config="true" signature="logout()[pri:0, instance:naveenlabTestng.YahooMailTest@4a003cbe]" started-at="2022-08-06T14:33:34 IST" name="logout" finished-at="2022-08-06T14:33:34 IST" duration-ms="2" status="PASS">
          <reporter-output>
          </reporter-output>
        </test-method> <!-- logout -->
        <test-method is-config="true" signature="login()[pri:0, instance:naveenlabTestng.YahooMailTest@4a003cbe]" started-at="2022-08-06T14:33:34 IST" name="login" finished-at="2022-08-06T14:33:34 IST" duration-ms="0" status="PASS">
          <reporter-output>
          </reporter-output>
        </test-method> <!-- login -->
        <test-method signature="compositeMailTest()[pri:1, instance:naveenlabTestng.YahooMailTest@4a003cbe]" started-at="2022-08-06T14:33:34 IST" name="compositeMailTest" finished-at="2022-08-06T14:33:34 IST" duration-ms="3" status="PASS">
          <reporter-output>
          </reporter-output>
        </test-method> <!-- compositeMailTest -->
        <test-method is-config="true" signature="logout()[pri:0, instance:naveenlabTestng.YahooMailTest@4a003cbe]" started-at="2022-08-06T14:33:34 IST" name="logout" finished-at="2022-08-06T14:33:34 IST" duration-ms="0" status="PASS">
          <reporter-output>
          </reporter-output>
        </test-method> <!-- logout -->
        <test-method signature="searchMailTest()[pri:3, instance:naveenlabTestng.YahooMailTest@4a003cbe]" started-at="2022-08-06T14:33:34 IST" name="searchMailTest" finished-at="2022-08-06T14:33:34 IST" duration-ms="1" status="PASS">
          <reporter-output>
          </reporter-output>
        </test-method> <!-- searchMailTest -->
        <test-method is-config="true" signature="login()[pri:0, instance:naveenlabTestng.YahooMailTest@4a003cbe]" started-at="2022-08-06T14:33:34 IST" name="login" finished-at="2022-08-06T14:33:34 IST" duration-ms="0" status="PASS">
          <reporter-output>
          </reporter-output>
        </test-method> <!-- login -->
        <test-method is-config="true" signature="logout()[pri:0, instance:naveenlabTestng.YahooMailTest@4a003cbe]" started-at="2022-08-06T14:33:34 IST" name="logout" finished-at="2022-08-06T14:33:34 IST" duration-ms="1" status="PASS">
          <reporter-output>
          </reporter-output>
        </test-method> <!-- logout -->
        <test-method is-config="true" signature="quitBrowser()[pri:0, instance:naveenlabTestng.YahooMailTest@4a003cbe]" started-at="2022-08-06T14:33:34 IST" name="quitBrowser" finished-at="2022-08-06T14:33:34 IST" duration-ms="2" status="PASS">
          <reporter-output>
          </reporter-output>
        </test-method> <!-- quitBrowser -->
      </class> <!-- naveenlabTestng.YahooMailTest -->
    </test> <!-- Default test -->
  </suite> <!-- Default suite -->
</testng-results>
